#
# There is insufficient memory for the Java Runtime Environment to continue.
# Native memory allocation (mmap) failed to map 2097152 bytes for G1 virtual space
# Possible reasons:
#   The system is out of physical RAM or swap space
#   The process is running with CompressedOops enabled, and the Java Heap may be blocking the growth of the native heap
# Possible solutions:
#   Reduce memory load on the system
#   Increase physical memory or swap space
#   Check if swap backing store is full
#   Decrease Java heap size (-Xmx/-Xms)
#   Decrease number of Java threads
#   Decrease Java thread stack sizes (-Xss)
#   Set larger code cache with -XX:ReservedCodeCacheSize=
#   JVM is running with Unscaled Compressed Oops mode in which the Java heap is
#     placed in the first 4GB address space. The Java Heap base address is the
#     maximum limit for the native heap growth. Please use -XX:HeapBaseMinAddress
#     to set the Java Heap base and to place the Java Heap above 4GB virtual address.
# This output file may be truncated or incomplete.
#
#  Out of Memory Error (os_windows.cpp:3466), pid=11364, tid=3052
#
# JRE version:  (16.0.1+9) (build )
# Java VM: Java HotSpot(TM) 64-Bit Server VM (16.0.1+9-24, mixed mode, sharing, tiered, compressed oops, compressed class ptrs, g1 gc, windows-amd64)
# No core dump will be written. Minidumps are not enabled by default on client versions of Windows
#

---------------  S U M M A R Y ------------

Command Line: -javaagent:C:\Program Files\JetBrains\IntelliJ IDEA 2021.1.1\lib\idea_rt.jar=63517:C:\Program Files\JetBrains\IntelliJ IDEA 2021.1.1\bin -Dfile.encoding=UTF-8 ArraysIfLoops_0508_01_FirstPart

Host: Intel(R) Core(TM) i5-4590S CPU @ 3.00GHz, 4 cores, 7G,  Windows 10 , 64 bit Build 19041 (10.0.19041.546)
Time: Fri May 14 11:13:05 2021 Közép-európai nyári iduild 19041 (10.0.19041.546) elapsed time: 0.030426 seconds (0d 0h 0m 0s)

---------------  T H R E A D  ---------------

Current thread (0x000001ac18daac90):  JavaThread "Unknown thread" [_thread_in_vm, id=3052, stack(0x0000000f36600000,0x0000000f36700000)]

Stack: [0x0000000f36600000,0x0000000f36700000]
Native frames: (J=compiled Java code, j=interpreted, Vv=VM code, C=native code)
V  [jvm.dll+0x6687ca]
V  [jvm.dll+0x7ca3c9]
V  [jvm.dll+0x7cbb53]
V  [jvm.dll+0x7cc1b3]
V  [jvm.dll+0x242ea5]
V  [jvm.dll+0x665589]
V  [jvm.dll+0x65a175]
V  [jvm.dll+0x2fc5ab]
V  [jvm.dll+0x3037a6]
V  [jvm.dll+0x353018]
V  [jvm.dll+0x35321f]
V  [jvm.dll+0x2d3618]
V  [jvm.dll+0x2d4854]
V  [jvm.dll+0x79ccb1]
V  [jvm.dll+0x360de1]
V  [jvm.dll+0x77a990]
V  [jvm.dll+0x3e55af]
V  [jvm.dll+0x3e7081]
C  [jli.dll+0x52fb]
C  [ucrtbase.dll+0x214c2]
C  [KERNEL32.DLL+0x17034]
C  [ntdll.dll+0x4cec1]


---------------  P R O C E S S  ---------------

Threads class SMR info:
_java_thread_list=0x00007ffad044cbb8, length=0, elements={
}

Java Threads: ( => current thread )

Other Threads:
  0x000001ac18de98f0 GCTaskThread "GC Thread#0" [stack: 0x0000000f36700000,0x0000000f36800000] [id=11168]
  0x000001ac18dfa500 ConcurrentGCThread "G1 Main Marker" [stack: 0x0000000f36800000,0x0000000f36900000] [id=10100]
  0x000001ac18dfae80 ConcurrentGCThread "G1 Conc#0" [stack: 0x0000000f36900000,0x0000000f36a00000] [id=11220]

[error occurred during error reporting (printing all threads), id 0xc0000005, EXCEPTION_ACCESS_VIOLATION (0xc0000005) at pc=0x00007ffacfc244d7]

VM state: not at safepoint (not fully initialized)

VM Mutex/Monitor currently owned by a thread:  ([mutex/lock_event])
[0x000001ac18da6d20] Heap_lock - owner thread: 0x000001ac18daac90

Heap address: 0x0000000081a00000, size: 2022 MB, Compressed Oops mode: 32-bit

CDS archive(s) mapped at: [0x0000000000000000-0x0000000000000000-0x0000000000000000), size 0, SharedBaseAddress: 0x0000000800000000, ArchiveRelocationMode: 0.
Narrow klass base: 0x0000000000000000, Narrow klass shift: 0, Narrow klass range: 0x0

GC Precious Log:
<Empty>

Heap:
 garbage-first heap   total 0K, used 0K [0x0000000081a00000, 0x0000000100000000)
  region size 1024K, 0 young (0K), 0 survivors (0K)

[error occurred during error reporting (printing heap information), id 0xc0000005, EXCEPTION_ACCESS_VIOLATION (0xc0000005) at pc=0x00007ffad00024ed]

GC Heap History (0 events):
No events

Deoptimization events (0 events):
No events

Classes unloaded (0 events):
No events

Classes redefined (0 events):
No events

Internal exceptions (0 events):
No events

Events (1 events):
Event: 0.013 Loaded shared library C:\Program Files\Java\jdk-16.0.1\bin\java.dll


Dynamic libraries:
0x00007ff67d9c0000 - 0x00007ff67d9d0000 	C:\Program Files\Java\jdk-16.0.1\bin\java.exe
0x00007ffb187f0000 - 0x00007ffb189e6000 	C:\WINDOWS\SYSTEM32\ntdll.dll
0x00007ffb16cc0000 - 0x00007ffb16d7d000 	C:\WINDOWS\System32\KERNEL32.DLL
0x00007ffb16580000 - 0x00007ffb16848000 	C:\WINDOWS\System32\KERNELBASE.dll
0x00007ffb160f0000 - 0x00007ffb161f0000 	C:\WINDOWS\System32\ucrtbase.dll
0x00007ffb10df0000 - 0x00007ffb10e09000 	C:\Program Files\Java\jdk-16.0.1\bin\VCRUNTIME140.dll
0x00007ffb10dd0000 - 0x00007ffb10de8000 	C:\Program Files\Java\jdk-16.0.1\bin\jli.dll
0x00007ffb17920000 - 0x00007ffb179cc000 	C:\WINDOWS\System32\ADVAPI32.dll
0x00007ffb17ce0000 - 0x00007ffb17d7e000 	C:\WINDOWS\System32\msvcrt.dll
0x00007ffb17110000 - 0x00007ffb171ab000 	C:\WINDOWS\System32\sechost.dll
0x00007ffb168b0000 - 0x00007ffb169d4000 	C:\WINDOWS\System32\RPCRT4.dll
0x00007ffb16b20000 - 0x00007ffb16cc0000 	C:\WINDOWS\System32\USER32.dll
0x00007ffb160c0000 - 0x00007ffb160e2000 	C:\WINDOWS\System32\win32u.dll
0x00007ffb18340000 - 0x00007ffb1836a000 	C:\WINDOWS\System32\GDI32.dll
0x00007ffb15fb0000 - 0x00007ffb160b9000 	C:\WINDOWS\System32\gdi32full.dll
0x00007ffb16320000 - 0x00007ffb163bd000 	C:\WINDOWS\System32\msvcp_win.dll
0x00007ffb08460000 - 0x00007ffb086fb000 	C:\WINDOWS\WinSxS\amd64_microsoft.windows.common-controls_6595b64144ccf1df_6.0.19041.488_none_ca04af081b815d21\COMCTL32.dll
0x00007ffb10fd0000 - 0x00007ffb10fda000 	C:\WINDOWS\SYSTEM32\VERSION.dll
0x00007ffb17d80000 - 0x00007ffb17db0000 	C:\WINDOWS\System32\IMM32.DLL
0x00007ffb119d0000 - 0x00007ffb119dc000 	C:\Program Files\Java\jdk-16.0.1\bin\vcruntime140_1.dll
0x00007ffb09770000 - 0x00007ffb09801000 	C:\Program Files\Java\jdk-16.0.1\bin\msvcp140.dll
0x00007ffacf940000 - 0x00007ffad04eb000 	C:\Program Files\Java\jdk-16.0.1\bin\server\jvm.dll
0x00007ffb16e30000 - 0x00007ffb16e38000 	C:\WINDOWS\System32\PSAPI.DLL
0x00007ffb02460000 - 0x00007ffb02469000 	C:\WINDOWS\SYSTEM32\WSOCK32.dll
0x00007ffb179e0000 - 0x00007ffb17a4b000 	C:\WINDOWS\System32\WS2_32.dll
0x00007ffb13820000 - 0x00007ffb13847000 	C:\WINDOWS\SYSTEM32\WINMM.dll
0x00007ffb13ea0000 - 0x00007ffb13eb2000 	C:\WINDOWS\SYSTEM32\kernel.appcore.dll
0x00007ffb11620000 - 0x00007ffb1162a000 	C:\Program Files\Java\jdk-16.0.1\bin\jimage.dll
0x00007ffb0d5d0000 - 0x00007ffb0d7b4000 	C:\WINDOWS\SYSTEM32\DBGHELP.DLL
0x00007ffb0d2c0000 - 0x00007ffb0d2ec000 	C:\WINDOWS\SYSTEM32\dbgcore.DLL
0x00007ffb15f30000 - 0x00007ffb15faf000 	C:\WINDOWS\System32\bcryptPrimitives.dll
0x00007ffb10dc0000 - 0x00007ffb10dce000 	C:\Program Files\Java\jdk-16.0.1\bin\instrument.dll
0x00007ffb0fba0000 - 0x00007ffb0fbc5000 	C:\Program Files\Java\jdk-16.0.1\bin\java.dll

dbghelp: loaded successfully - version: 4.0.5 - missing functions: none
symbol engine: initialized successfully - sym options: 0x614 - pdb path: .;C:\Program Files\Java\jdk-16.0.1\bin;C:\WINDOWS\SYSTEM32;C:\WINDOWS\WinSxS\amd64_microsoft.windows.common-controls_6595b64144ccf1df_6.0.19041.488_none_ca04af081b815d21;C:\Program Files\Java\jdk-16.0.1\bin\server

VM Arguments:
jvm_args: -javaagent:C:\Program Files\JetBrains\IntelliJ IDEA 2021.1.1\lib\idea_rt.jar=63517:C:\Program Files\JetBrains\IntelliJ IDEA 2021.1.1\bin -Dfile.encoding=UTF-8 
java_command: ArraysIfLoops_0508_01_FirstPart
java_class_path (initial): C:\Users\PC\Documents\Java\Progmatic\Alapok\out\production\Basics
Launcher Type: SUN_STANDARD

[Global flags]
     intx CICompilerCount                          = 3                                         {product} {ergonomic}
     uint ConcGCThreads                            = 1                                         {product} {ergonomic}
     uint G1ConcRefinementThreads                  = 4                                         {product} {ergonomic}
   size_t G1HeapRegionSize                         = 1048576                                   {product} {ergonomic}
    uintx GCDrainStackTargetSize                   = 64                                        {product} {ergonomic}
   size_t InitialHeapSize                          = 134217728                                 {product} {ergonomic}
   size_t MarkStackSize                            = 4194304                                   {product} {ergonomic}
   size_t MaxHeapSize                              = 2120220672                                {product} {ergonomic}
   size_t MinHeapDeltaBytes                        = 1048576                                   {product} {ergonomic}
   size_t MinHeapSize                              = 8388608                                   {product} {ergonomic}
    uintx NonNMethodCodeHeapSize                   = 5832780                                {pd product} {ergonomic}
    uintx NonProfiledCodeHeapSize                  = 122912730                              {pd product} {ergonomic}
    uintx ProfiledCodeHeapSize                     = 122912730                              {pd product} {ergonomic}
    uintx ReservedCodeCacheSize                    = 251658240                              {pd product} {ergonomic}
     bool SegmentedCodeCache                       = true                                      {product} {ergonomic}
   size_t SoftMaxHeapSize                          = 2120220672                             {manageable} {ergonomic}
     bool UseCompressedClassPointers               = true                           {product lp64_product} {ergonomic}
     bool UseCompressedOops                        = true                           {product lp64_product} {ergonomic}
     bool UseG1GC                                  = true                                      {product} {ergonomic}
     bool UseLargePagesIndividualAllocation        = false                                  {pd product} {ergonomic}

Logging:
Log output configuration:
 #0: stdout all=warning uptime,level,tags
 #1: stderr all=off uptime,level,tags

Environment Variables:
PATH=C:\Program Files\Common Files\Oracle\Java\javapath;C:\Program Files (x86)\Common Files\Oracle\Java\javapath;C:\WINDOWS\system32;C:\WINDOWS;C:\WINDOWS\System32\Wbem;C:\WINDOWS\System32\WindowsPowerShell\v1.0\;C:\WINDOWS\System32\OpenSSH\;C:\Program Files\Intel\WiFi\bin\;C:\Program Files\Common Files\Intel\WirelessCommon\;C:\Program Files\Git\cmd;C:\Users\PC\AppData\Local\Microsoft\WindowsApps;C:\Users\PC\AppData\Local\GitHubDesktop\bin;C:\Users\PC\AppData\Local\Programs\Microsoft VS Code\bin;C:\Program Files\JetBrains\PyCharm 2020.3.3\bin;;E:\IntelliJ IDEA Community Edition 2020.3.3\bin;;C:\Program Files\JetBrains\IntelliJ IDEA 2021.1.1\bin;
USERNAME=PC
OS=Windows_NT
PROCESSOR_IDENTIFIER=Intel64 Family 6 Model 60 Stepping 3, GenuineIntel



---------------  S Y S T E M  ---------------

OS:
 Windows 10 , 64 bit Build 19041 (10.0.19041.546)
OS uptime: 16 days 23:00 hours

CPU: total 4 (initial active 4) (4 cores per cpu, 1 threads per core) family 6 model 60 stepping 3 microcode 0x27, cx8, cmov, fxsr, mmx, sse, sse2, sse3, ssse3, sse4.1, sse4.2, popcnt, lzcnt, tsc, tscinvbit, avx, avx2, aes, erms, clmul, bmi1, bmi2, fma, vzeroupper, clflush

Memory: 4k page, system-wide physical 8082M (658M free)
TotalPageFile size 11977M (AvailPageFile size 6M)
current process WorkingSet (physical memory assigned to process): 10M, peak: 10M
current process commit charge ("private bytes"): 181M, peak: 183M

vm_info: Java HotSpot(TM) 64-Bit Server VM (16.0.1+9-24) for windows-amd64 JRE (16.0.1+9-24), built on Mar 26 2021 19:31:42 by "mach5one" with MS VC++ 16.7 (VS2019)

END.
